<?xml version="1.0" encoding="UTF-8"?>
<!-- Generated by org.testng.reporters.JUnitXMLReporter -->
<testsuite ignored="0" hostname="AGRNT-WS-002" failures="0" tests="3" name="Default test" time="41.723" errors="0" timestamp="2022-07-20T15:41:59 IST">
  <testcase classname="Maven2.TestNG.sample2" name="m1" time="16.583"/>
  <testcase classname="Maven2.TestNG.sample2" name="m2" time="9.483"/>
  <testcase classname="Maven2.TestNG.sample2" name="m3" time="15.634"/>
</testsuite> <!-- Default test -->
