<?xml version="1.0" encoding="UTF-8"?>
<testng-results ignored="1" total="9" passed="7" failed="1" skipped="0">
  <reporter-output>
  </reporter-output>
  <suite started-at="2022-07-20T18:44:29 IST" name="Suite" finished-at="2022-07-20T18:46:10 IST" duration-ms="101075">
    <groups>
    </groups>
    <test started-at="2022-07-20T18:44:29 IST" name="sample1" finished-at="2022-07-20T18:45:00 IST" duration-ms="31044">
      <class name="Maven2.TestNG.sample1">
        <test-method signature="n1()[pri:0, instance:Maven2.TestNG.sample1@4a7f959b]" started-at="2022-07-20T18:44:29 IST" name="n1" finished-at="2022-07-20T18:44:31 IST" duration-ms="1705" status="PASS">
          <reporter-output>
          </reporter-output>
        </test-method> <!-- n1 -->
        <test-method signature="n2()[pri:0, instance:Maven2.TestNG.sample1@4a7f959b]" started-at="2022-07-20T18:44:31 IST" name="n2" finished-at="2022-07-20T18:44:49 IST" duration-ms="17673" status="PASS">
          <reporter-output>
          </reporter-output>
        </test-method> <!-- n2 -->
        <test-method signature="n3()[pri:0, instance:Maven2.TestNG.sample1@4a7f959b]" started-at="2022-07-20T18:44:49 IST" name="n3" finished-at="2022-07-20T18:45:00 IST" duration-ms="11645" status="PASS">
          <reporter-output>
          </reporter-output>
        </test-method> <!-- n3 -->
      </class> <!-- Maven2.TestNG.sample1 -->
    </test> <!-- sample1 -->
    <test started-at="2022-07-20T18:45:00 IST" name="sample2" finished-at="2022-07-20T18:45:48 IST" duration-ms="47877">
      <class name="Maven2.TestNG.sample2">
        <test-method signature="m1()[pri:0, instance:Maven2.TestNG.sample2@21282ed8]" started-at="2022-07-20T18:45:00 IST" name="m1" finished-at="2022-07-20T18:45:16 IST" duration-ms="15716" status="PASS">
          <reporter-output>
          </reporter-output>
        </test-method> <!-- m1 -->
        <test-method signature="m2()[pri:0, instance:Maven2.TestNG.sample2@21282ed8]" started-at="2022-07-20T18:45:16 IST" name="m2" finished-at="2022-07-20T18:45:26 IST" duration-ms="10365" status="PASS">
          <reporter-output>
          </reporter-output>
        </test-method> <!-- m2 -->
        <test-method signature="m3()[pri:0, instance:Maven2.TestNG.sample2@21282ed8]" started-at="2022-07-20T18:45:26 IST" name="m3" finished-at="2022-07-20T18:45:48 IST" duration-ms="21791" status="PASS">
          <reporter-output>
          </reporter-output>
        </test-method> <!-- m3 -->
      </class> <!-- Maven2.TestNG.sample2 -->
    </test> <!-- sample2 -->
    <test started-at="2022-07-20T18:45:48 IST" name="sample3" finished-at="2022-07-20T18:46:10 IST" duration-ms="22127">
      <class name="Maven2.TestNG.sample3">
        <test-method signature="p1()[pri:0, instance:Maven2.TestNG.sample3@82de64a]" started-at="2022-07-20T18:45:48 IST" name="p1" finished-at="2022-07-20T18:45:55 IST" duration-ms="6784" status="FAIL">
          <exception class="org.openqa.selenium.NoSuchElementException">
            <message>
              <![CDATA[no such element: Unable to locate element: {"method":"xpath","selector":"//div[@aria-label='mobiles under 30000']"}
  (Session info: chrome=103.0.5060.134)
For documentation on this error, please visit: https://selenium.dev/exceptions/#no_such_element
Build info: version: '4.3.0', revision: 'a4995e2c09*'
System info: host: 'AGRNT-WS-002', ip: '192.168.1.35', os.name: 'Windows 10', os.arch: 'amd64', os.version: '10.0', java.version: '17.0.3'
Driver info: org.openqa.selenium.chrome.ChromeDriver
Command: [07e8f1cb19f20b45b21eacaa6bac15ad, findElement {using=xpath, value=//div[@aria-label='mobiles under 30000']}]
Capabilities {acceptInsecureCerts: false, browserName: chrome, browserVersion: 103.0.5060.134, chrome: {chromedriverVersion: 103.0.5060.53 (a1711811edd7..., userDataDir: C:\Users\SUHAS~1.TUP\AppDat...}, goog:chromeOptions: {debuggerAddress: localhost:64787}, networkConnectionEnabled: false, pageLoadStrategy: normal, platformName: WINDOWS, proxy: Proxy(), se:cdp: ws://localhost:64787/devtoo..., se:cdpVersion: 103.0.5060.134, setWindowRect: true, strictFileInteractability: false, timeouts: {implicit: 0, pageLoad: 300000, script: 30000}, unhandledPromptBehavior: dismiss and notify, webauthn:extension:credBlob: true, webauthn:extension:largeBlob: true, webauthn:virtualAuthenticators: true}
Session ID: 07e8f1cb19f20b45b21eacaa6bac15ad]]>
            </message>
            <full-stacktrace>
              <![CDATA[org.openqa.selenium.NoSuchElementException: no such element: Unable to locate element: {"method":"xpath","selector":"//div[@aria-label='mobiles under 30000']"}
  (Session info: chrome=103.0.5060.134)
For documentation on this error, please visit: https://selenium.dev/exceptions/#no_such_element
Build info: version: '4.3.0', revision: 'a4995e2c09*'
System info: host: 'AGRNT-WS-002', ip: '192.168.1.35', os.name: 'Windows 10', os.arch: 'amd64', os.version: '10.0', java.version: '17.0.3'
Driver info: org.openqa.selenium.chrome.ChromeDriver
Command: [07e8f1cb19f20b45b21eacaa6bac15ad, findElement {using=xpath, value=//div[@aria-label='mobiles under 30000']}]
Capabilities {acceptInsecureCerts: false, browserName: chrome, browserVersion: 103.0.5060.134, chrome: {chromedriverVersion: 103.0.5060.53 (a1711811edd7..., userDataDir: C:\Users\SUHAS~1.TUP\AppDat...}, goog:chromeOptions: {debuggerAddress: localhost:64787}, networkConnectionEnabled: false, pageLoadStrategy: normal, platformName: WINDOWS, proxy: Proxy(), se:cdp: ws://localhost:64787/devtoo..., se:cdpVersion: 103.0.5060.134, setWindowRect: true, strictFileInteractability: false, timeouts: {implicit: 0, pageLoad: 300000, script: 30000}, unhandledPromptBehavior: dismiss and notify, webauthn:extension:credBlob: true, webauthn:extension:largeBlob: true, webauthn:virtualAuthenticators: true}
Session ID: 07e8f1cb19f20b45b21eacaa6bac15ad
at java.base/jdk.internal.reflect.NativeConstructorAccessorImpl.newInstance0(Native Method)
at java.base/jdk.internal.reflect.NativeConstructorAccessorImpl.newInstance(NativeConstructorAccessorImpl.java:77)
at java.base/jdk.internal.reflect.DelegatingConstructorAccessorImpl.newInstance(DelegatingConstructorAccessorImpl.java:45)
at java.base/java.lang.reflect.Constructor.newInstanceWithCaller(Constructor.java:499)
at java.base/java.lang.reflect.Constructor.newInstance(Constructor.java:480)
at org.openqa.selenium.remote.codec.w3c.W3CHttpResponseCodec.createException(W3CHttpResponseCodec.java:200)
at org.openqa.selenium.remote.codec.w3c.W3CHttpResponseCodec.decode(W3CHttpResponseCodec.java:133)
at org.openqa.selenium.remote.codec.w3c.W3CHttpResponseCodec.decode(W3CHttpResponseCodec.java:53)
at org.openqa.selenium.remote.HttpCommandExecutor.execute(HttpCommandExecutor.java:184)
at org.openqa.selenium.remote.service.DriverCommandExecutor.invokeExecute(DriverCommandExecutor.java:167)
at org.openqa.selenium.remote.service.DriverCommandExecutor.execute(DriverCommandExecutor.java:142)
at org.openqa.selenium.remote.RemoteWebDriver.execute(RemoteWebDriver.java:569)
at org.openqa.selenium.remote.ElementLocation$ElementFinder$2.findElement(ElementLocation.java:162)
at org.openqa.selenium.remote.ElementLocation.findElement(ElementLocation.java:60)
at org.openqa.selenium.remote.RemoteWebDriver.findElement(RemoteWebDriver.java:387)
at org.openqa.selenium.remote.RemoteWebDriver.findElement(RemoteWebDriver.java:379)
at Maven2.TestNG.sample3.p1(sample3.java:25)
at java.base/jdk.internal.reflect.NativeMethodAccessorImpl.invoke0(Native Method)
at java.base/jdk.internal.reflect.NativeMethodAccessorImpl.invoke(NativeMethodAccessorImpl.java:77)
at java.base/jdk.internal.reflect.DelegatingMethodAccessorImpl.invoke(DelegatingMethodAccessorImpl.java:43)
at java.base/java.lang.reflect.Method.invoke(Method.java:568)
at org.testng.internal.MethodInvocationHelper.invokeMethod(MethodInvocationHelper.java:133)
at org.testng.internal.TestInvoker.invokeMethod(TestInvoker.java:598)
at org.testng.internal.TestInvoker.invokeTestMethod(TestInvoker.java:173)
at org.testng.internal.MethodRunner.runInSequence(MethodRunner.java:46)
at org.testng.internal.TestInvoker$MethodInvocationAgent.invoke(TestInvoker.java:824)
at org.testng.internal.TestInvoker.invokeTestMethods(TestInvoker.java:146)
at org.testng.internal.TestMethodWorker.invokeTestMethods(TestMethodWorker.java:146)
at org.testng.internal.TestMethodWorker.run(TestMethodWorker.java:128)
at java.base/java.util.ArrayList.forEach(ArrayList.java:1511)
at org.testng.TestRunner.privateRun(TestRunner.java:794)
at org.testng.TestRunner.run(TestRunner.java:596)
at org.testng.SuiteRunner.runTest(SuiteRunner.java:377)
at org.testng.SuiteRunner.runSequentially(SuiteRunner.java:371)
at org.testng.SuiteRunner.privateRun(SuiteRunner.java:332)
at org.testng.SuiteRunner.run(SuiteRunner.java:276)
at org.testng.SuiteRunnerWorker.runSuite(SuiteRunnerWorker.java:53)
at org.testng.SuiteRunnerWorker.run(SuiteRunnerWorker.java:96)
at org.testng.TestNG.runSuitesSequentially(TestNG.java:1212)
at org.testng.TestNG.runSuitesLocally(TestNG.java:1134)
at org.testng.TestNG.runSuites(TestNG.java:1063)
at org.testng.TestNG.run(TestNG.java:1031)
at org.testng.remote.AbstractRemoteTestNG.run(AbstractRemoteTestNG.java:115)
at org.testng.remote.RemoteTestNG.initAndRun(RemoteTestNG.java:251)
at org.testng.remote.RemoteTestNG.main(RemoteTestNG.java:77)
]]>
            </full-stacktrace>
          </exception> <!-- org.openqa.selenium.NoSuchElementException -->
          <reporter-output>
          </reporter-output>
        </test-method> <!-- p1 -->
        <test-method signature="p3()[pri:0, instance:Maven2.TestNG.sample3@82de64a]" started-at="2022-07-20T18:45:55 IST" name="p3" finished-at="2022-07-20T18:46:10 IST" duration-ms="15339" status="PASS">
          <reporter-output>
          </reporter-output>
        </test-method> <!-- p3 -->
      </class> <!-- Maven2.TestNG.sample3 -->
    </test> <!-- sample3 -->
  </suite> <!-- Suite -->
</testng-results>
